C:\USERS\BH\DESKTOP\TRAFFICSIM 2\TRAFFICSIM\TRAFFICSIM\DEBUG\CARTYPE_18WHEELER.OBJ
C:\USERS\BH\DESKTOP\TRAFFICSIM 2\TRAFFICSIM\TRAFFICSIM\DEBUG\CARTYPE_4CYLINDER.OBJ
C:\USERS\BH\DESKTOP\TRAFFICSIM 2\TRAFFICSIM\TRAFFICSIM\DEBUG\CARTYPE_6CYLINDER.OBJ
C:\USERS\BH\DESKTOP\TRAFFICSIM 2\TRAFFICSIM\TRAFFICSIM\DEBUG\CARTYPE_8CYLINDER.OBJ
C:\USERS\BH\DESKTOP\TRAFFICSIM 2\TRAFFICSIM\TRAFFICSIM\DEBUG\CARTYPE_LARGETRUCK.OBJ
C:\USERS\BH\DESKTOP\TRAFFICSIM 2\TRAFFICSIM\TRAFFICSIM\DEBUG\FACTORY.OBJ
C:\USERS\BH\DESKTOP\TRAFFICSIM 2\TRAFFICSIM\TRAFFICSIM\DEBUG\INTERSECTION.OBJ
C:\USERS\BH\DESKTOP\TRAFFICSIM 2\TRAFFICSIM\TRAFFICSIM\DEBUG\MAIN.OBJ
C:\USERS\BH\DESKTOP\TRAFFICSIM 2\TRAFFICSIM\TRAFFICSIM\DEBUG\MOVEMENT.OBJ
C:\USERS\BH\DESKTOP\TRAFFICSIM 2\TRAFFICSIM\TRAFFICSIM\DEBUG\ROAD.OBJ
C:\USERS\BH\DESKTOP\TRAFFICSIM 2\TRAFFICSIM\TRAFFICSIM\DEBUG\ROADMAP.OBJ
C:\USERS\BH\DESKTOP\TRAFFICSIM 2\TRAFFICSIM\TRAFFICSIM\DEBUG\SIMPLECARFACTORY.OBJ
C:\USERS\BH\DESKTOP\TRAFFICSIM 2\TRAFFICSIM\TRAFFICSIM\DEBUG\SIMULATION.OBJ
C:\USERS\BH\DESKTOP\TRAFFICSIM 2\TRAFFICSIM\TRAFFICSIM\DEBUG\TRAFFICSIMDATAPARSER.OBJ
C:\USERS\BH\DESKTOP\TRAFFICSIM 2\TRAFFICSIM\TRAFFICSIM\DEBUG\TRAFFIC_LIGHT.OBJ
C:\USERS\BH\DESKTOP\TRAFFICSIM 2\TRAFFICSIM\TRAFFICSIM\DEBUG\VEHICLEFACTORY.OBJ
C:\USERS\BH\DESKTOP\TRAFFICSIM 2\TRAFFICSIM\TRAFFICSIM\DEBUG\MOVEMENT_18WHEELER.OBJ
C:\USERS\BH\DESKTOP\TRAFFICSIM 2\TRAFFICSIM\TRAFFICSIM\DEBUG\VC110.PDB
C:\USERS\BH\DESKTOP\TRAFFICSIM 2\TRAFFICSIM\TRAFFICSIM\DEBUG\MOVEMENT_4CYLINDER.OBJ
C:\USERS\BH\DESKTOP\TRAFFICSIM 2\TRAFFICSIM\TRAFFICSIM\DEBUG\MOVEMENT_6CYLINDER.OBJ
C:\USERS\BH\DESKTOP\TRAFFICSIM 2\TRAFFICSIM\TRAFFICSIM\DEBUG\MOVEMENT_8CYLINDER.OBJ
C:\USERS\BH\DESKTOP\TRAFFICSIM 2\TRAFFICSIM\TRAFFICSIM\DEBUG\MOVEMENT_LARGETRUCK.OBJ
C:\USERS\BH\DESKTOP\TRAFFICSIM 2\TRAFFICSIM\DEBUG\TRAFFICSIM.ILK
C:\USERS\BH\DESKTOP\TRAFFICSIM 2\TRAFFICSIM\DEBUG\TRAFFICSIM.EXE
C:\USERS\BH\DESKTOP\TRAFFICSIM 2\TRAFFICSIM\DEBUG\TRAFFICSIM.PDB
C:\Users\bh\Desktop\trafficsim 2\trafficSim\trafficSim\Debug\Cartype_18Wheeler.obj
C:\Users\bh\Desktop\trafficsim 2\trafficSim\trafficSim\Debug\Cartype_4Cylinder.obj
C:\Users\bh\Desktop\trafficsim 2\trafficSim\trafficSim\Debug\Cartype_6Cylinder.obj
C:\Users\bh\Desktop\trafficsim 2\trafficSim\trafficSim\Debug\Cartype_8Cylinder.obj
C:\Users\bh\Desktop\trafficsim 2\trafficSim\trafficSim\Debug\Cartype_LargeTruck.obj
C:\Users\bh\Desktop\trafficsim 2\trafficSim\trafficSim\Debug\Factory.obj
C:\Users\bh\Desktop\trafficsim 2\trafficSim\trafficSim\Debug\Intersection.obj
C:\Users\bh\Desktop\trafficsim 2\trafficSim\trafficSim\Debug\Main.obj
C:\Users\bh\Desktop\trafficsim 2\trafficSim\trafficSim\Debug\Movement.obj
C:\Users\bh\Desktop\trafficsim 2\trafficSim\trafficSim\Debug\Movement_18Wheeler.obj
C:\Users\bh\Desktop\trafficsim 2\trafficSim\trafficSim\Debug\Movement_4Cylinder.obj
C:\Users\bh\Desktop\trafficsim 2\trafficSim\trafficSim\Debug\Movement_6Cylinder.obj
C:\Users\bh\Desktop\trafficsim 2\trafficSim\trafficSim\Debug\Movement_8Cylinder.obj
C:\Users\bh\Desktop\trafficsim 2\trafficSim\trafficSim\Debug\Movement_LargeTruck.obj
C:\Users\bh\Desktop\trafficsim 2\trafficSim\trafficSim\Debug\Road.obj
C:\Users\bh\Desktop\trafficsim 2\trafficSim\trafficSim\Debug\RoadMap.obj
C:\Users\bh\Desktop\trafficsim 2\trafficSim\trafficSim\Debug\SimpleCarFactory.obj
C:\Users\bh\Desktop\trafficsim 2\trafficSim\trafficSim\Debug\Simulation.obj
C:\Users\bh\Desktop\trafficsim 2\trafficSim\trafficSim\Debug\TrafficSimDataParser.obj
C:\Users\bh\Desktop\trafficsim 2\trafficSim\trafficSim\Debug\Traffic_light.obj
C:\Users\bh\Desktop\trafficsim 2\trafficSim\trafficSim\Debug\VehicleFactory.obj
C:\Users\bh\Desktop\trafficsim 2\trafficSim\trafficSim\Debug\cl.command.1.tlog
C:\Users\bh\Desktop\trafficsim 2\trafficSim\trafficSim\Debug\CL.read.1.tlog
C:\Users\bh\Desktop\trafficsim 2\trafficSim\trafficSim\Debug\CL.write.1.tlog
C:\Users\bh\Desktop\trafficsim 2\trafficSim\trafficSim\Debug\link-cvtres.read.1.tlog
C:\Users\bh\Desktop\trafficsim 2\trafficSim\trafficSim\Debug\link-cvtres.write.1.tlog
C:\Users\bh\Desktop\trafficsim 2\trafficSim\trafficSim\Debug\link-rc.read.1.tlog
C:\Users\bh\Desktop\trafficsim 2\trafficSim\trafficSim\Debug\link-rc.write.1.tlog
C:\Users\bh\Desktop\trafficsim 2\trafficSim\trafficSim\Debug\link.7796-cvtres.read.1.tlog
C:\Users\bh\Desktop\trafficsim 2\trafficSim\trafficSim\Debug\link.7796-cvtres.write.1.tlog
C:\Users\bh\Desktop\trafficsim 2\trafficSim\trafficSim\Debug\link.7796-rc.read.1.tlog
C:\Users\bh\Desktop\trafficsim 2\trafficSim\trafficSim\Debug\link.7796-rc.write.1.tlog
C:\Users\bh\Desktop\trafficsim 2\trafficSim\trafficSim\Debug\link.7796.read.1.tlog
C:\Users\bh\Desktop\trafficsim 2\trafficSim\trafficSim\Debug\link.7796.write.1.tlog
C:\Users\bh\Desktop\trafficsim 2\trafficSim\trafficSim\Debug\link.8420-cvtres.read.1.tlog
C:\Users\bh\Desktop\trafficsim 2\trafficSim\trafficSim\Debug\link.8420-cvtres.write.1.tlog
C:\Users\bh\Desktop\trafficsim 2\trafficSim\trafficSim\Debug\link.8420-rc.read.1.tlog
C:\Users\bh\Desktop\trafficsim 2\trafficSim\trafficSim\Debug\link.8420-rc.write.1.tlog
C:\Users\bh\Desktop\trafficsim 2\trafficSim\trafficSim\Debug\link.8420.read.1.tlog
C:\Users\bh\Desktop\trafficsim 2\trafficSim\trafficSim\Debug\link.8420.write.1.tlog
C:\Users\bh\Desktop\trafficsim 2\trafficSim\trafficSim\Debug\link.command.1.tlog
C:\Users\bh\Desktop\trafficsim 2\trafficSim\trafficSim\Debug\link.read.1.tlog
C:\Users\bh\Desktop\trafficsim 2\trafficSim\trafficSim\Debug\link.write.1.tlog
C:\Users\bh\Desktop\trafficsim 2\trafficSim\trafficSim\Debug\vc110.idb
C:\Users\bh\Desktop\trafficsim 2\trafficSim\trafficSim\Debug\vc110.pdb
C:\Users\bh\Desktop\trafficsim 2\trafficSim\Debug\trafficSim.pdb
C:\Users\bh\Desktop\trafficsim 2\trafficSim\Debug\trafficSim.exe
C:\Users\bh\Desktop\trafficsim 2\trafficSim\Debug\trafficSim.ilk
